This is pdfTeX, Version 3.1415926-2.5-1.40.14 (TeX Live 2013/Debian) (format=pdflatex 2015.10.5)  16 OCT 2015 07:05
entering extended mode
 restricted \write18 enabled.
 %&-line parsing enabled.
**"Capitulo 5.tex"
(./Capitulo 5.tex
LaTeX2e <2011/06/27>
Babel <3.9h> and hyphenation patterns for 78 languages loaded.
(/usr/share/texlive/texmf-dist/tex/latex/base/book.cls
Document Class: book 2007/10/19 v1.4h Standard LaTeX document class
(/usr/share/texlive/texmf-dist/tex/latex/base/bk12.clo
File: bk12.clo 2007/10/19 v1.4h Standard LaTeX file (size option)
)
\c@part=\count79
\c@chapter=\count80
\c@section=\count81
\c@subsection=\count82
\c@subsubsection=\count83
\c@paragraph=\count84
\c@subparagraph=\count85
\c@figure=\count86
\c@table=\count87
\abovecaptionskip=\skip41
\belowcaptionskip=\skip42
\bibindent=\dimen102
)
(/usr/share/texlive/texmf-dist/tex/latex/base/inputenc.sty
Package: inputenc 2008/03/30 v1.1d Input encoding file
\inpenc@prehook=\toks14
\inpenc@posthook=\toks15

(/usr/share/texlive/texmf-dist/tex/latex/base/utf8.def
File: utf8.def 2008/04/05 v1.1m UTF-8 support for inputenc
Now handling font encoding OML ...
... no UTF-8 mapping file for font encoding OML
Now handling font encoding T1 ...
... processing UTF-8 mapping file for font encoding T1

(/usr/share/texlive/texmf-dist/tex/latex/base/t1enc.dfu
File: t1enc.dfu 2008/04/05 v1.1m UTF-8 support for inputenc
   defining Unicode char U+00A1 (decimal 161)
   defining Unicode char U+00A3 (decimal 163)
   defining Unicode char U+00AB (decimal 171)
   defining Unicode char U+00BB (decimal 187)
   defining Unicode char U+00BF (decimal 191)
   defining Unicode char U+00C0 (decimal 192)
   defining Unicode char U+00C1 (decimal 193)
   defining Unicode char U+00C2 (decimal 194)
   defining Unicode char U+00C3 (decimal 195)
   defining Unicode char U+00C4 (decimal 196)
   defining Unicode char U+00C5 (decimal 197)
   defining Unicode char U+00C6 (decimal 198)
   defining Unicode char U+00C7 (decimal 199)
   defining Unicode char U+00C8 (decimal 200)
   defining Unicode char U+00C9 (decimal 201)
   defining Unicode char U+00CA (decimal 202)
   defining Unicode char U+00CB (decimal 203)
   defining Unicode char U+00CC (decimal 204)
   defining Unicode char U+00CD (decimal 205)
   defining Unicode char U+00CE (decimal 206)
   defining Unicode char U+00CF (decimal 207)
   defining Unicode char U+00D0 (decimal 208)
   defining Unicode char U+00D1 (decimal 209)
   defining Unicode char U+00D2 (decimal 210)
   defining Unicode char U+00D3 (decimal 211)
   defining Unicode char U+00D4 (decimal 212)
   defining Unicode char U+00D5 (decimal 213)
   defining Unicode char U+00D6 (decimal 214)
   defining Unicode char U+00D8 (decimal 216)
   defining Unicode char U+00D9 (decimal 217)
   defining Unicode char U+00DA (decimal 218)
   defining Unicode char U+00DB (decimal 219)
   defining Unicode char U+00DC (decimal 220)
   defining Unicode char U+00DD (decimal 221)
   defining Unicode char U+00DE (decimal 222)
   defining Unicode char U+00DF (decimal 223)
   defining Unicode char U+00E0 (decimal 224)
   defining Unicode char U+00E1 (decimal 225)
   defining Unicode char U+00E2 (decimal 226)
   defining Unicode char U+00E3 (decimal 227)
   defining Unicode char U+00E4 (decimal 228)
   defining Unicode char U+00E5 (decimal 229)
   defining Unicode char U+00E6 (decimal 230)
   defining Unicode char U+00E7 (decimal 231)
   defining Unicode char U+00E8 (decimal 232)
   defining Unicode char U+00E9 (decimal 233)
   defining Unicode char U+00EA (decimal 234)
   defining Unicode char U+00EB (decimal 235)
   defining Unicode char U+00EC (decimal 236)
   defining Unicode char U+00ED (decimal 237)
   defining Unicode char U+00EE (decimal 238)
   defining Unicode char U+00EF (decimal 239)
   defining Unicode char U+00F0 (decimal 240)
   defining Unicode char U+00F1 (decimal 241)
   defining Unicode char U+00F2 (decimal 242)
   defining Unicode char U+00F3 (decimal 243)
   defining Unicode char U+00F4 (decimal 244)
   defining Unicode char U+00F5 (decimal 245)
   defining Unicode char U+00F6 (decimal 246)
   defining Unicode char U+00F8 (decimal 248)
   defining Unicode char U+00F9 (decimal 249)
   defining Unicode char U+00FA (decimal 250)
   defining Unicode char U+00FB (decimal 251)
   defining Unicode char U+00FC (decimal 252)
   defining Unicode char U+00FD (decimal 253)
   defining Unicode char U+00FE (decimal 254)
   defining Unicode char U+00FF (decimal 255)
   defining Unicode char U+0102 (decimal 258)
   defining Unicode char U+0103 (decimal 259)
   defining Unicode char U+0104 (decimal 260)
   defining Unicode char U+0105 (decimal 261)
   defining Unicode char U+0106 (decimal 262)
   defining Unicode char U+0107 (decimal 263)
   defining Unicode char U+010C (decimal 268)
   defining Unicode char U+010D (decimal 269)
   defining Unicode char U+010E (decimal 270)
   defining Unicode char U+010F (decimal 271)
   defining Unicode char U+0110 (decimal 272)
   defining Unicode char U+0111 (decimal 273)
   defining Unicode char U+0118 (decimal 280)
   defining Unicode char U+0119 (decimal 281)
   defining Unicode char U+011A (decimal 282)
   defining Unicode char U+011B (decimal 283)
   defining Unicode char U+011E (decimal 286)
   defining Unicode char U+011F (decimal 287)
   defining Unicode char U+0130 (decimal 304)
   defining Unicode char U+0131 (decimal 305)
   defining Unicode char U+0132 (decimal 306)
   defining Unicode char U+0133 (decimal 307)
   defining Unicode char U+0139 (decimal 313)
   defining Unicode char U+013A (decimal 314)
   defining Unicode char U+013D (decimal 317)
   defining Unicode char U+013E (decimal 318)
   defining Unicode char U+0141 (decimal 321)
   defining Unicode char U+0142 (decimal 322)
   defining Unicode char U+0143 (decimal 323)
   defining Unicode char U+0144 (decimal 324)
   defining Unicode char U+0147 (decimal 327)
   defining Unicode char U+0148 (decimal 328)
   defining Unicode char U+014A (decimal 330)
   defining Unicode char U+014B (decimal 331)
   defining Unicode char U+0150 (decimal 336)
   defining Unicode char U+0151 (decimal 337)
   defining Unicode char U+0152 (decimal 338)
   defining Unicode char U+0153 (decimal 339)
   defining Unicode char U+0154 (decimal 340)
   defining Unicode char U+0155 (decimal 341)
   defining Unicode char U+0158 (decimal 344)
   defining Unicode char U+0159 (decimal 345)
   defining Unicode char U+015A (decimal 346)
   defining Unicode char U+015B (decimal 347)
   defining Unicode char U+015E (decimal 350)
   defining Unicode char U+015F (decimal 351)
   defining Unicode char U+0160 (decimal 352)
   defining Unicode char U+0161 (decimal 353)
   defining Unicode char U+0162 (decimal 354)
   defining Unicode char U+0163 (decimal 355)
   defining Unicode char U+0164 (decimal 356)
   defining Unicode char U+0165 (decimal 357)
   defining Unicode char U+016E (decimal 366)
   defining Unicode char U+016F (decimal 367)
   defining Unicode char U+0170 (decimal 368)
   defining Unicode char U+0171 (decimal 369)
   defining Unicode char U+0178 (decimal 376)
   defining Unicode char U+0179 (decimal 377)
   defining Unicode char U+017A (decimal 378)
   defining Unicode char U+017B (decimal 379)
   defining Unicode char U+017C (decimal 380)
   defining Unicode char U+017D (decimal 381)
   defining Unicode char U+017E (decimal 382)
   defining Unicode char U+200C (decimal 8204)
   defining Unicode char U+2013 (decimal 8211)
   defining Unicode char U+2014 (decimal 8212)
   defining Unicode char U+2018 (decimal 8216)
   defining Unicode char U+2019 (decimal 8217)
   defining Unicode char U+201A (decimal 8218)
   defining Unicode char U+201C (decimal 8220)
   defining Unicode char U+201D (decimal 8221)
   defining Unicode char U+201E (decimal 8222)
   defining Unicode char U+2030 (decimal 8240)
   defining Unicode char U+2031 (decimal 8241)
   defining Unicode char U+2039 (decimal 8249)
   defining Unicode char U+203A (decimal 8250)
   defining Unicode char U+2423 (decimal 9251)
)
Now handling font encoding OT1 ...
... processing UTF-8 mapping file for font encoding OT1

(/usr/share/texlive/texmf-dist/tex/latex/base/ot1enc.dfu
File: ot1enc.dfu 2008/04/05 v1.1m UTF-8 support for inputenc
   defining Unicode char U+00A1 (decimal 161)
   defining Unicode char U+00A3 (decimal 163)
   defining Unicode char U+00B8 (decimal 184)
   defining Unicode char U+00BF (decimal 191)
   defining Unicode char U+00C5 (decimal 197)
   defining Unicode char U+00C6 (decimal 198)
   defining Unicode char U+00D8 (decimal 216)
   defining Unicode char U+00DF (decimal 223)
   defining Unicode char U+00E6 (decimal 230)
   defining Unicode char U+00EC (decimal 236)
   defining Unicode char U+00ED (decimal 237)
   defining Unicode char U+00EE (decimal 238)
   defining Unicode char U+00EF (decimal 239)
   defining Unicode char U+00F8 (decimal 248)
   defining Unicode char U+0131 (decimal 305)
   defining Unicode char U+0141 (decimal 321)
   defining Unicode char U+0142 (decimal 322)
   defining Unicode char U+0152 (decimal 338)
   defining Unicode char U+0153 (decimal 339)
   defining Unicode char U+2013 (decimal 8211)
   defining Unicode char U+2014 (decimal 8212)
   defining Unicode char U+2018 (decimal 8216)
   defining Unicode char U+2019 (decimal 8217)
   defining Unicode char U+201C (decimal 8220)
   defining Unicode char U+201D (decimal 8221)
)
Now handling font encoding OMS ...
... processing UTF-8 mapping file for font encoding OMS

(/usr/share/texlive/texmf-dist/tex/latex/base/omsenc.dfu
File: omsenc.dfu 2008/04/05 v1.1m UTF-8 support for inputenc
   defining Unicode char U+00A7 (decimal 167)
   defining Unicode char U+00B6 (decimal 182)
   defining Unicode char U+00B7 (decimal 183)
   defining Unicode char U+2020 (decimal 8224)
   defining Unicode char U+2021 (decimal 8225)
   defining Unicode char U+2022 (decimal 8226)
)
Now handling font encoding OMX ...
... no UTF-8 mapping file for font encoding OMX
Now handling font encoding U ...
... no UTF-8 mapping file for font encoding U
   defining Unicode char U+00A9 (decimal 169)
   defining Unicode char U+00AA (decimal 170)
   defining Unicode char U+00AE (decimal 174)
   defining Unicode char U+00BA (decimal 186)
   defining Unicode char U+02C6 (decimal 710)
   defining Unicode char U+02DC (decimal 732)
   defining Unicode char U+200C (decimal 8204)
   defining Unicode char U+2026 (decimal 8230)
   defining Unicode char U+2122 (decimal 8482)
   defining Unicode char U+2423 (decimal 9251)
))
(/usr/share/texlive/texmf-dist/tex/generic/babel/babel.sty
Package: babel 2013/12/03 3.9h The Babel package

(/usr/share/texlive/texmf-dist/tex/generic/babel-spanish/spanish.ldf
Language: spanish.ldf 2014/01/29 v5.0m Spanish support from the babel system

(/usr/share/texlive/texmf-dist/tex/generic/babel/babel.def
File: babel.def 2013/12/03 3.9h Babel common definitions
\babel@savecnt=\count88
\U@D=\dimen103
)
\es@datefmt=\count89
\es@quottoks=\toks16
\es@quotdepth=\count90
Package babel Info: Making " an active character on input line 496.
Package babel Info: Making . an active character on input line 599.
Package babel Info: Making < an active character on input line 644.
Package babel Info: Making > an active character on input line 644.
))
(/usr/share/texlive/texmf-dist/tex/latex/geometry/geometry.sty
Package: geometry 2010/09/12 v5.6 Page Geometry

(/usr/share/texlive/texmf-dist/tex/latex/graphics/keyval.sty
Package: keyval 1999/03/16 v1.13 key=value parser (DPC)
\KV@toks@=\toks17
)
(/usr/share/texlive/texmf-dist/tex/generic/oberdiek/ifpdf.sty
Package: ifpdf 2011/01/30 v2.3 Provides the ifpdf switch (HO)
Package ifpdf Info: pdfTeX in PDF mode is detected.
)
(/usr/share/texlive/texmf-dist/tex/generic/oberdiek/ifvtex.sty
Package: ifvtex 2010/03/01 v1.5 Detect VTeX and its facilities (HO)
Package ifvtex Info: VTeX not detected.
)
(/usr/share/texlive/texmf-dist/tex/generic/ifxetex/ifxetex.sty
Package: ifxetex 2010/09/12 v0.6 Provides ifxetex conditional
)
\Gm@cnth=\count91
\Gm@cntv=\count92
\c@Gm@tempcnt=\count93
\Gm@bindingoffset=\dimen104
\Gm@wd@mp=\dimen105
\Gm@odd@mp=\dimen106
\Gm@even@mp=\dimen107
\Gm@layoutwidth=\dimen108
\Gm@layoutheight=\dimen109
\Gm@layouthoffset=\dimen110
\Gm@layoutvoffset=\dimen111
\Gm@dimlist=\toks18
)
(/usr/share/texlive/texmf-dist/tex/latex/psnfss/mathpazo.sty
Package: mathpazo 2005/04/12 PSNFSS-v9.2a Palatino w/ Pazo Math (D.Puga, WaS) 
\symupright=\mathgroup4
)
(/usr/share/texlive/texmf-dist/tex/latex/amsmath/amsmath.sty
Package: amsmath 2013/01/14 v2.14 AMS math features
\@mathmargin=\skip43

For additional information on amsmath, use the `?' option.
(/usr/share/texlive/texmf-dist/tex/latex/amsmath/amstext.sty
Package: amstext 2000/06/29 v2.01

(/usr/share/texlive/texmf-dist/tex/latex/amsmath/amsgen.sty
File: amsgen.sty 1999/11/30 v2.0
\@emptytoks=\toks19
\ex@=\dimen112
))
(/usr/share/texlive/texmf-dist/tex/latex/amsmath/amsbsy.sty
Package: amsbsy 1999/11/29 v1.2d
\pmbraise@=\dimen113
)
(/usr/share/texlive/texmf-dist/tex/latex/amsmath/amsopn.sty
Package: amsopn 1999/12/14 v2.01 operator names
)
\inf@bad=\count94
LaTeX Info: Redefining \frac on input line 210.
\uproot@=\count95
\leftroot@=\count96
LaTeX Info: Redefining \overline on input line 306.
\classnum@=\count97
\DOTSCASE@=\count98
LaTeX Info: Redefining \ldots on input line 378.
LaTeX Info: Redefining \dots on input line 381.
LaTeX Info: Redefining \cdots on input line 466.
\Mathstrutbox@=\box26
\strutbox@=\box27
\big@size=\dimen114
LaTeX Font Info:    Redeclaring font encoding OML on input line 566.
LaTeX Font Info:    Redeclaring font encoding OMS on input line 567.
\macc@depth=\count99
\c@MaxMatrixCols=\count100
\dotsspace@=\muskip10
\c@parentequation=\count101
\dspbrk@lvl=\count102
\tag@help=\toks20
\row@=\count103
\column@=\count104
\maxfields@=\count105
\andhelp@=\toks21
\eqnshift@=\dimen115
\alignsep@=\dimen116
\tagshift@=\dimen117
\tagwidth@=\dimen118
\totwidth@=\dimen119
\lineht@=\dimen120
\@envbody=\toks22
\multlinegap=\skip44
\multlinetaggap=\skip45
\mathdisplay@stack=\toks23
LaTeX Info: Redefining \[ on input line 2665.
LaTeX Info: Redefining \] on input line 2666.
)
(/usr/share/texlive/texmf-dist/tex/latex/graphics/color.sty
Package: color 2005/11/14 v1.0j Standard LaTeX Color (DPC)

(/usr/share/texlive/texmf-dist/tex/latex/latexconfig/color.cfg
File: color.cfg 2007/01/18 v1.5 color configuration of teTeX/TeXLive
)
Package color Info: Driver file: pdftex.def on input line 130.

(/usr/share/texlive/texmf-dist/tex/latex/pdftex-def/pdftex.def
File: pdftex.def 2011/05/27 v0.06d Graphics/color for pdfTeX

(/usr/share/texlive/texmf-dist/tex/generic/oberdiek/infwarerr.sty
Package: infwarerr 2010/04/08 v1.3 Providing info/warning/error messages (HO)
)
(/usr/share/texlive/texmf-dist/tex/generic/oberdiek/ltxcmds.sty
Package: ltxcmds 2011/11/09 v1.22 LaTeX kernel commands for general use (HO)
)
\Gread@gobject=\count106
)
(/usr/share/texlive/texmf-dist/tex/latex/graphics/dvipsnam.def
File: dvipsnam.def 1999/02/16 v3.0i Driver-dependant file (DPC,SPQR)
))
(/usr/share/texlive/texmf-dist/tex/latex/hyperref/hyperref.sty
Package: hyperref 2012/11/06 v6.83m Hypertext links for LaTeX

(/usr/share/texlive/texmf-dist/tex/generic/oberdiek/hobsub-hyperref.sty
Package: hobsub-hyperref 2012/05/28 v1.13 Bundle oberdiek, subset hyperref (HO)


(/usr/share/texlive/texmf-dist/tex/generic/oberdiek/hobsub-generic.sty
Package: hobsub-generic 2012/05/28 v1.13 Bundle oberdiek, subset generic (HO)
Package: hobsub 2012/05/28 v1.13 Construct package bundles (HO)
Package hobsub Info: Skipping package `infwarerr' (already loaded).
Package hobsub Info: Skipping package `ltxcmds' (already loaded).
Package: ifluatex 2010/03/01 v1.3 Provides the ifluatex switch (HO)
Package ifluatex Info: LuaTeX not detected.
Package hobsub Info: Skipping package `ifvtex' (already loaded).
Package: intcalc 2007/09/27 v1.1 Expandable calculations with integers (HO)
Package hobsub Info: Skipping package `ifpdf' (already loaded).
Package: etexcmds 2011/02/16 v1.5 Avoid name clashes with e-TeX commands (HO)
Package etexcmds Info: Could not find \expanded.
(etexcmds)             That can mean that you are not using pdfTeX 1.50 or
(etexcmds)             that some package has redefined \expanded.
(etexcmds)             In the latter case, load this package earlier.
Package: kvsetkeys 2012/04/25 v1.16 Key value parser (HO)
Package: kvdefinekeys 2011/04/07 v1.3 Define keys (HO)
Package: pdftexcmds 2011/11/29 v0.20 Utility functions of pdfTeX for LuaTeX (HO
)
Package pdftexcmds Info: LuaTeX not detected.
Package pdftexcmds Info: \pdf@primitive is available.
Package pdftexcmds Info: \pdf@ifprimitive is available.
Package pdftexcmds Info: \pdfdraftmode found.
Package: pdfescape 2011/11/25 v1.13 Implements pdfTeX's escape features (HO)
Package: bigintcalc 2012/04/08 v1.3 Expandable calculations on big integers (HO
)
Package: bitset 2011/01/30 v1.1 Handle bit-vector datatype (HO)
Package: uniquecounter 2011/01/30 v1.2 Provide unlimited unique counter (HO)
)
Package hobsub Info: Skipping package `hobsub' (already loaded).
Package: letltxmacro 2010/09/02 v1.4 Let assignment for LaTeX macros (HO)
Package: hopatch 2012/05/28 v1.2 Wrapper for package hooks (HO)
Package: xcolor-patch 2011/01/30 xcolor patch
Package: atveryend 2011/06/30 v1.8 Hooks at the very end of document (HO)
Package atveryend Info: \enddocument detected (standard20110627).
Package: atbegshi 2011/10/05 v1.16 At begin shipout hook (HO)
Package: refcount 2011/10/16 v3.4 Data extraction from label references (HO)
Package: hycolor 2011/01/30 v1.7 Color options for hyperref/bookmark (HO)
)
(/usr/share/texlive/texmf-dist/tex/latex/oberdiek/auxhook.sty
Package: auxhook 2011/03/04 v1.3 Hooks for auxiliary files (HO)
)
(/usr/share/texlive/texmf-dist/tex/latex/oberdiek/kvoptions.sty
Package: kvoptions 2011/06/30 v3.11 Key value format for package options (HO)
)
\@linkdim=\dimen121
\Hy@linkcounter=\count107
\Hy@pagecounter=\count108

(/usr/share/texlive/texmf-dist/tex/latex/hyperref/pd1enc.def
File: pd1enc.def 2012/11/06 v6.83m Hyperref: PDFDocEncoding definition (HO)
Now handling font encoding PD1 ...
... no UTF-8 mapping file for font encoding PD1
)
\Hy@SavedSpaceFactor=\count109

(/usr/share/texlive/texmf-dist/tex/latex/latexconfig/hyperref.cfg
File: hyperref.cfg 2002/06/06 v1.2 hyperref configuration of TeXLive
)
Package hyperref Info: Hyper figures OFF on input line 4443.
Package hyperref Info: Link nesting OFF on input line 4448.
Package hyperref Info: Hyper index ON on input line 4451.
Package hyperref Info: Plain pages OFF on input line 4458.
Package hyperref Info: Backreferencing OFF on input line 4463.
Package hyperref Info: Implicit mode ON; LaTeX internals redefined.
Package hyperref Info: Bookmarks ON on input line 4688.
\c@Hy@tempcnt=\count110

(/usr/share/texlive/texmf-dist/tex/latex/url/url.sty
\Urlmuskip=\muskip11
Package: url 2013/09/16  ver 3.4  Verb mode for urls, etc.
)
LaTeX Info: Redefining \url on input line 5041.
\XeTeXLinkMargin=\dimen122
\Fld@menulength=\count111
\Field@Width=\dimen123
\Fld@charsize=\dimen124
Package hyperref Info: Hyper figures OFF on input line 6295.
Package hyperref Info: Link nesting OFF on input line 6300.
Package hyperref Info: Hyper index ON on input line 6303.
Package hyperref Info: backreferencing OFF on input line 6310.
Package hyperref Info: Link coloring OFF on input line 6315.
Package hyperref Info: Link coloring with OCG OFF on input line 6320.
Package hyperref Info: PDF/A mode OFF on input line 6325.
LaTeX Info: Redefining \ref on input line 6365.
LaTeX Info: Redefining \pageref on input line 6369.
\Hy@abspage=\count112
\c@Item=\count113
\c@Hfootnote=\count114
)

Package hyperref Message: Driver (autodetected): hpdftex.

(/usr/share/texlive/texmf-dist/tex/latex/hyperref/hpdftex.def
File: hpdftex.def 2012/11/06 v6.83m Hyperref driver for pdfTeX
\Fld@listcount=\count115
\c@bookmark@seq@number=\count116

(/usr/share/texlive/texmf-dist/tex/latex/oberdiek/rerunfilecheck.sty
Package: rerunfilecheck 2011/04/15 v1.7 Rerun checks for auxiliary files (HO)
Package uniquecounter Info: New unique counter `rerunfilecheck' on input line 2
82.
)
\Hy@SectionHShift=\skip46
)
(/usr/share/texlive/texmf-dist/tex/latex/base/alltt.sty
Package: alltt 1997/06/16 v2.0g defines alltt environment
)
(/usr/share/texlive/texmf-dist/tex/latex/koma-script/scrpage2.sty
Package: scrpage2 2013/12/19 v3.12 KOMA-Script package (page head and foot)
)
(/usr/share/texlive/texmf-dist/tex/latex/lastpage/lastpage.sty
Package: lastpage 2013/01/28 v1.2l Refers to last page's name (HMM; JPG)
)
(/usr/share/texlive/texmf-dist/tex/latex/graphics/graphicx.sty
Package: graphicx 1999/02/16 v1.0f Enhanced LaTeX Graphics (DPC,SPQR)

(/usr/share/texlive/texmf-dist/tex/latex/graphics/graphics.sty
Package: graphics 2009/02/05 v1.0o Standard LaTeX Graphics (DPC,SPQR)

(/usr/share/texlive/texmf-dist/tex/latex/graphics/trig.sty
Package: trig 1999/03/16 v1.09 sin cos tan (DPC)
)
(/usr/share/texlive/texmf-dist/tex/latex/latexconfig/graphics.cfg
File: graphics.cfg 2010/04/23 v1.9 graphics configuration of TeX Live
)
Package graphics Info: Driver file: pdftex.def on input line 91.
)
\Gin@req@height=\dimen125
\Gin@req@width=\dimen126
)
(/usr/share/texlive/texmf-dist/tex/latex/placeins/placeins.sty
Package: placeins 2005/04/18  v 2.2
)
(/usr/share/texmf/tex/latex/xcolor/xcolor.sty
Package: xcolor 2007/01/21 v2.11 LaTeX color extensions (UK)

(/usr/share/texlive/texmf-dist/tex/latex/latexconfig/color.cfg
File: color.cfg 2007/01/18 v1.5 color configuration of teTeX/TeXLive
)
Package xcolor Info: Driver file: pdftex.def on input line 225.
LaTeX Info: Redefining \color on input line 702.
Package xcolor Info: Model `cmy' substituted by `cmy0' on input line 1337.
Package xcolor Info: Model `hsb' substituted by `rgb' on input line 1341.
Package xcolor Info: Model `RGB' extended on input line 1353.
Package xcolor Info: Model `HTML' substituted by `rgb' on input line 1355.
Package xcolor Info: Model `Hsb' substituted by `hsb' on input line 1356.
Package xcolor Info: Model `tHsb' substituted by `hsb' on input line 1357.
Package xcolor Info: Model `HSB' substituted by `hsb' on input line 1358.
Package xcolor Info: Model `Gray' substituted by `gray' on input line 1359.
Package xcolor Info: Model `wave' substituted by `hsb' on input line 1360.
)
(/usr/share/texlive/texmf-dist/tex/latex/listings/listings.sty
\lst@mode=\count117
\lst@gtempboxa=\box28
\lst@token=\toks24
\lst@length=\count118
\lst@currlwidth=\dimen127
\lst@column=\count119
\lst@pos=\count120
\lst@lostspace=\dimen128
\lst@width=\dimen129
\lst@newlines=\count121
\lst@lineno=\count122
\lst@maxwidth=\dimen130

(/usr/share/texlive/texmf-dist/tex/latex/listings/lstmisc.sty
File: lstmisc.sty 2013/08/26 1.5b (Carsten Heinz)
\c@lstnumber=\count123
\lst@skipnumbers=\count124
\lst@framebox=\box29
)
(/usr/share/texlive/texmf-dist/tex/latex/listings/listings.cfg
File: listings.cfg 2013/08/26 1.5b listings configuration
))
Package: listings 2013/08/26 1.5b (Carsten Heinz)

(../common/macros.tex (/usr/share/texlive/texmf-dist/tex/latex/base/fontenc.sty
Package: fontenc 2005/09/27 v1.99g Standard LaTeX package
(/usr/share/texlive/texmf-dist/tex/latex/base/t1enc.def
File: t1enc.def 2005/09/27 v1.99g Standard LaTeX file
LaTeX Font Info:    Redeclaring font encoding T1 on input line 43.
))
(/usr/share/texlive/texmf-dist/tex/latex/amsfonts/amssymb.sty
Package: amssymb 2013/01/14 v3.01 AMS font symbols

(/usr/share/texlive/texmf-dist/tex/latex/amsfonts/amsfonts.sty
Package: amsfonts 2013/01/14 v3.01 Basic AMSFonts support
\symAMSa=\mathgroup5
\symAMSb=\mathgroup6
LaTeX Font Info:    Overwriting math alphabet `\mathfrak' in version `bold'
(Font)                  U/euf/m/n --> U/euf/b/n on input line 106.
))
(/usr/share/texlive/texmf-dist/tex/latex/base/textcomp.sty
Package: textcomp 2005/09/27 v1.99g Standard LaTeX package
Package textcomp Info: Sub-encoding information:
(textcomp)               5 = only ISO-Adobe without \textcurrency
(textcomp)               4 = 5 + \texteuro
(textcomp)               3 = 4 + \textohm
(textcomp)               2 = 3 + \textestimated + \textcurrency
(textcomp)               1 = TS1 - \textcircled - \t
(textcomp)               0 = TS1 (full)
(textcomp)             Font families with sub-encoding setting implement
(textcomp)             only a restricted character set as indicated.
(textcomp)             Family '?' is the default used for unknown fonts.
(textcomp)             See the documentation for details.
Package textcomp Info: Setting ? sub-encoding to TS1/1 on input line 71.

(/usr/share/texlive/texmf-dist/tex/latex/base/ts1enc.def
File: ts1enc.def 2001/06/05 v3.0e (jk/car/fm) Standard LaTeX file
Now handling font encoding TS1 ...
... processing UTF-8 mapping file for font encoding TS1

(/usr/share/texlive/texmf-dist/tex/latex/base/ts1enc.dfu
File: ts1enc.dfu 2008/04/05 v1.1m UTF-8 support for inputenc
   defining Unicode char U+00A2 (decimal 162)
   defining Unicode char U+00A3 (decimal 163)
   defining Unicode char U+00A4 (decimal 164)
   defining Unicode char U+00A5 (decimal 165)
   defining Unicode char U+00A6 (decimal 166)
   defining Unicode char U+00A7 (decimal 167)
   defining Unicode char U+00A8 (decimal 168)
   defining Unicode char U+00A9 (decimal 169)
   defining Unicode char U+00AA (decimal 170)
   defining Unicode char U+00AC (decimal 172)
   defining Unicode char U+00AE (decimal 174)
   defining Unicode char U+00AF (decimal 175)
   defining Unicode char U+00B0 (decimal 176)
   defining Unicode char U+00B1 (decimal 177)
   defining Unicode char U+00B2 (decimal 178)
   defining Unicode char U+00B3 (decimal 179)
   defining Unicode char U+00B4 (decimal 180)
   defining Unicode char U+00B5 (decimal 181)
   defining Unicode char U+00B6 (decimal 182)
   defining Unicode char U+00B7 (decimal 183)
   defining Unicode char U+00B9 (decimal 185)
   defining Unicode char U+00BA (decimal 186)
   defining Unicode char U+00BC (decimal 188)
   defining Unicode char U+00BD (decimal 189)
   defining Unicode char U+00BE (decimal 190)
   defining Unicode char U+00D7 (decimal 215)
   defining Unicode char U+00F7 (decimal 247)
   defining Unicode char U+0192 (decimal 402)
   defining Unicode char U+02C7 (decimal 711)
   defining Unicode char U+02D8 (decimal 728)
   defining Unicode char U+02DD (decimal 733)
   defining Unicode char U+0E3F (decimal 3647)
   defining Unicode char U+2016 (decimal 8214)
   defining Unicode char U+2020 (decimal 8224)
   defining Unicode char U+2021 (decimal 8225)
   defining Unicode char U+2022 (decimal 8226)
   defining Unicode char U+2030 (decimal 8240)
   defining Unicode char U+2031 (decimal 8241)
   defining Unicode char U+203B (decimal 8251)
   defining Unicode char U+203D (decimal 8253)
   defining Unicode char U+2044 (decimal 8260)
   defining Unicode char U+204E (decimal 8270)
   defining Unicode char U+2052 (decimal 8274)
   defining Unicode char U+20A1 (decimal 8353)
   defining Unicode char U+20A4 (decimal 8356)
   defining Unicode char U+20A6 (decimal 8358)
   defining Unicode char U+20A9 (decimal 8361)
   defining Unicode char U+20AB (decimal 8363)
   defining Unicode char U+20AC (decimal 8364)
   defining Unicode char U+20B1 (decimal 8369)
   defining Unicode char U+2103 (decimal 8451)
   defining Unicode char U+2116 (decimal 8470)
   defining Unicode char U+2117 (decimal 8471)
   defining Unicode char U+211E (decimal 8478)
   defining Unicode char U+2120 (decimal 8480)
   defining Unicode char U+2122 (decimal 8482)
   defining Unicode char U+2126 (decimal 8486)
   defining Unicode char U+2127 (decimal 8487)
   defining Unicode char U+212E (decimal 8494)
   defining Unicode char U+2190 (decimal 8592)
   defining Unicode char U+2191 (decimal 8593)
   defining Unicode char U+2192 (decimal 8594)
   defining Unicode char U+2193 (decimal 8595)
   defining Unicode char U+2329 (decimal 9001)
   defining Unicode char U+232A (decimal 9002)
   defining Unicode char U+2422 (decimal 9250)
   defining Unicode char U+25E6 (decimal 9702)
   defining Unicode char U+25EF (decimal 9711)
   defining Unicode char U+266A (decimal 9834)
))
LaTeX Info: Redefining \oldstylenums on input line 266.
Package textcomp Info: Setting cmr sub-encoding to TS1/0 on input line 281.
Package textcomp Info: Setting cmss sub-encoding to TS1/0 on input line 282.
Package textcomp Info: Setting cmtt sub-encoding to TS1/0 on input line 283.
Package textcomp Info: Setting cmvtt sub-encoding to TS1/0 on input line 284.
Package textcomp Info: Setting cmbr sub-encoding to TS1/0 on input line 285.
Package textcomp Info: Setting cmtl sub-encoding to TS1/0 on input line 286.
Package textcomp Info: Setting ccr sub-encoding to TS1/0 on input line 287.
Package textcomp Info: Setting ptm sub-encoding to TS1/4 on input line 288.
Package textcomp Info: Setting pcr sub-encoding to TS1/4 on input line 289.
Package textcomp Info: Setting phv sub-encoding to TS1/4 on input line 290.
Package textcomp Info: Setting ppl sub-encoding to TS1/3 on input line 291.
Package textcomp Info: Setting pag sub-encoding to TS1/4 on input line 292.
Package textcomp Info: Setting pbk sub-encoding to TS1/4 on input line 293.
Package textcomp Info: Setting pnc sub-encoding to TS1/4 on input line 294.
Package textcomp Info: Setting pzc sub-encoding to TS1/4 on input line 295.
Package textcomp Info: Setting bch sub-encoding to TS1/4 on input line 296.
Package textcomp Info: Setting put sub-encoding to TS1/5 on input line 297.
Package textcomp Info: Setting uag sub-encoding to TS1/5 on input line 298.
Package textcomp Info: Setting ugq sub-encoding to TS1/5 on input line 299.
Package textcomp Info: Setting ul8 sub-encoding to TS1/4 on input line 300.
Package textcomp Info: Setting ul9 sub-encoding to TS1/4 on input line 301.
Package textcomp Info: Setting augie sub-encoding to TS1/5 on input line 302.
Package textcomp Info: Setting dayrom sub-encoding to TS1/3 on input line 303.
Package textcomp Info: Setting dayroms sub-encoding to TS1/3 on input line 304.

Package textcomp Info: Setting pxr sub-encoding to TS1/0 on input line 305.
Package textcomp Info: Setting pxss sub-encoding to TS1/0 on input line 306.
Package textcomp Info: Setting pxtt sub-encoding to TS1/0 on input line 307.
Package textcomp Info: Setting txr sub-encoding to TS1/0 on input line 308.
Package textcomp Info: Setting txss sub-encoding to TS1/0 on input line 309.
Package textcomp Info: Setting txtt sub-encoding to TS1/0 on input line 310.
Package textcomp Info: Setting lmr sub-encoding to TS1/0 on input line 311.
Package textcomp Info: Setting lmdh sub-encoding to TS1/0 on input line 312.
Package textcomp Info: Setting lmss sub-encoding to TS1/0 on input line 313.
Package textcomp Info: Setting lmssq sub-encoding to TS1/0 on input line 314.
Package textcomp Info: Setting lmvtt sub-encoding to TS1/0 on input line 315.
Package textcomp Info: Setting qhv sub-encoding to TS1/0 on input line 316.
Package textcomp Info: Setting qag sub-encoding to TS1/0 on input line 317.
Package textcomp Info: Setting qbk sub-encoding to TS1/0 on input line 318.
Package textcomp Info: Setting qcr sub-encoding to TS1/0 on input line 319.
Package textcomp Info: Setting qcs sub-encoding to TS1/0 on input line 320.
Package textcomp Info: Setting qpl sub-encoding to TS1/0 on input line 321.
Package textcomp Info: Setting qtm sub-encoding to TS1/0 on input line 322.
Package textcomp Info: Setting qzc sub-encoding to TS1/0 on input line 323.
Package textcomp Info: Setting qhvc sub-encoding to TS1/0 on input line 324.
Package textcomp Info: Setting futs sub-encoding to TS1/4 on input line 325.
Package textcomp Info: Setting futx sub-encoding to TS1/4 on input line 326.
Package textcomp Info: Setting futj sub-encoding to TS1/4 on input line 327.
Package textcomp Info: Setting hlh sub-encoding to TS1/3 on input line 328.
Package textcomp Info: Setting hls sub-encoding to TS1/3 on input line 329.
Package textcomp Info: Setting hlst sub-encoding to TS1/3 on input line 330.
Package textcomp Info: Setting hlct sub-encoding to TS1/5 on input line 331.
Package textcomp Info: Setting hlx sub-encoding to TS1/5 on input line 332.
Package textcomp Info: Setting hlce sub-encoding to TS1/5 on input line 333.
Package textcomp Info: Setting hlcn sub-encoding to TS1/5 on input line 334.
Package textcomp Info: Setting hlcw sub-encoding to TS1/5 on input line 335.
Package textcomp Info: Setting hlcf sub-encoding to TS1/5 on input line 336.
Package textcomp Info: Setting pplx sub-encoding to TS1/3 on input line 337.
Package textcomp Info: Setting pplj sub-encoding to TS1/3 on input line 338.
Package textcomp Info: Setting ptmx sub-encoding to TS1/4 on input line 339.
Package textcomp Info: Setting ptmj sub-encoding to TS1/4 on input line 340.
)
(/usr/share/texlive/texmf-dist/tex/latex/psnfss/courier.sty
Package: courier 2005/04/12 PSNFSS-v9.2a (WaS) 
)
(/usr/share/texlive/texmf-dist/tex/latex/tools/xspace.sty
Package: xspace 2009/10/20 v1.13 Space after command names (DPC,MH)
)
(/usr/share/texlive/texmf-dist/tex/latex/base/ifthen.sty
Package: ifthen 2001/05/26 v1.1c Standard LaTeX ifthen package (DPC)
)
\c@definition=\count125
) (./Capitulo 5.aux
LaTeX Info: Redefining \. on input line 23.
LaTeX Info: Redefining \% on input line 23.
)
\openout1 = `"Capitulo 5.aux"'.

LaTeX Font Info:    Checking defaults for OML/cmm/m/it on input line 41.
LaTeX Font Info:    ... okay on input line 41.
LaTeX Font Info:    Checking defaults for T1/cmr/m/n on input line 41.
LaTeX Font Info:    ... okay on input line 41.
LaTeX Font Info:    Checking defaults for OT1/cmr/m/n on input line 41.
LaTeX Font Info:    ... okay on input line 41.
LaTeX Font Info:    Checking defaults for OMS/cmsy/m/n on input line 41.
LaTeX Font Info:    ... okay on input line 41.
LaTeX Font Info:    Checking defaults for OMX/cmex/m/n on input line 41.
LaTeX Font Info:    ... okay on input line 41.
LaTeX Font Info:    Checking defaults for U/cmr/m/n on input line 41.
LaTeX Font Info:    ... okay on input line 41.
LaTeX Font Info:    Checking defaults for PD1/pdf/m/n on input line 41.
LaTeX Font Info:    ... okay on input line 41.
LaTeX Font Info:    Checking defaults for TS1/cmr/m/n on input line 41.
LaTeX Font Info:    Try loading font information for TS1+cmr on input line 41.

(/usr/share/texlive/texmf-dist/tex/latex/base/ts1cmr.fd
File: ts1cmr.fd 1999/05/25 v2.5h Standard LaTeX font definitions
)
LaTeX Font Info:    ... okay on input line 41.
LaTeX Font Info:    Try loading font information for T1+pplx on input line 41.

(/usr/share/texlive/texmf-dist/tex/latex/psnfss/t1pplx.fd
File: t1pplx.fd 2004/09/06 font definitions for T1/pplx.
)
LaTeX Info: Redefining \. on input line 41.
LaTeX Info: Redefining \% on input line 41.

*geometry* driver: auto-detecting
*geometry* detected driver: pdftex
*geometry* verbose mode - [ preamble ] result:
* driver: pdftex
* paper: a4paper
* layout: <same size as paper>
* layoutoffset:(h,v)=(0.0pt,0.0pt)
* modes: twoside 
* h-part:(L,W,R)=(71.70166pt, 418.25368pt, 107.55254pt)
* v-part:(T,H,B)=(101.40665pt, 591.5302pt, 152.11pt)
* \paperwidth=597.50787pt
* \paperheight=845.04684pt
* \textwidth=418.25368pt
* \textheight=591.5302pt
* \oddsidemargin=-0.56833pt
* \evensidemargin=35.28255pt
* \topmargin=-6.68723pt
* \headheight=15.95009pt
* \headsep=19.8738pt
* \topskip=12.0pt
* \footskip=30.0pt
* \marginparwidth=88.0pt
* \marginparsep=7.0pt
* \columnsep=10.0pt
* \skip\footins=10.8pt plus 4.0pt minus 2.0pt
* \hoffset=0.0pt
* \voffset=0.0pt
* \mag=1000
* \@twocolumnfalse
* \@twosidetrue
* \@mparswitchtrue
* \@reversemarginfalse
* (1in=72.27pt=25.4mm, 1cm=28.453pt)

(/usr/share/texlive/texmf-dist/tex/context/base/supp-pdf.mkii
[Loading MPS to PDF converter (version 2006.09.02).]
\scratchcounter=\count126
\scratchdimen=\dimen131
\scratchbox=\box30
\nofMPsegments=\count127
\nofMParguments=\count128
\everyMPshowfont=\toks25
\MPscratchCnt=\count129
\MPscratchDim=\dimen132
\MPnumerator=\count130
\makeMPintoPDFobject=\count131
\everyMPtoPDFconversion=\toks26
)
\AtBeginShipoutBox=\box31
Package hyperref Info: Link coloring OFF on input line 41.
 (/usr/share/texlive/texmf-dist/tex/latex/hyperref/nameref.sty
Package: nameref 2012/10/27 v2.43 Cross-referencing by name of section

(/usr/share/texlive/texmf-dist/tex/generic/oberdiek/gettitlestring.sty
Package: gettitlestring 2010/12/03 v1.4 Cleanup title references (HO)
)
\c@section@level=\count132
)
LaTeX Info: Redefining \ref on input line 41.
LaTeX Info: Redefining \pageref on input line 41.
LaTeX Info: Redefining \nameref on input line 41.

(./Capitulo 5.out) (./Capitulo 5.out)
\@outlinefile=\write3
\openout3 = `"Capitulo 5.out"'.

Package lastpage Info: Please have a look at the pageslts package at
(lastpage)             http://www.ctan.org/tex-archive/ 
(lastpage)             macros/latex/contrib/pageslts/ 
(lastpage)             or
(lastpage)             http://www.ctan.org/tex-archive/ 
(lastpage)             install/macros/latex/contrib/pageslts.tds.zip
(lastpage)             ! on input line 41.

(/usr/share/texlive/texmf-dist/tex/latex/oberdiek/epstopdf-base.sty
Package: epstopdf-base 2010/02/09 v2.5 Base part for package epstopdf

(/usr/share/texlive/texmf-dist/tex/latex/oberdiek/grfext.sty
Package: grfext 2010/08/19 v1.1 Manage graphics extensions (HO)
)
Package grfext Info: Graphics extension search list:
(grfext)             [.png,.pdf,.jpg,.mps,.jpeg,.jbig2,.jb2,.PNG,.PDF,.JPG,.JPE
G,.JBIG2,.JB2,.eps]
(grfext)             \AppendGraphicsExtensions on input line 452.

(/usr/share/texlive/texmf-dist/tex/latex/latexconfig/epstopdf-sys.cfg
File: epstopdf-sys.cfg 2010/07/13 v1.3 Configuration of (r)epstopdf for TeX Liv
e
))
\c@lstlisting=\count133

Cap\'{\i }tulo 1.
Package babel Info: Redefining spanish shorthand <<
(babel)             in language append on input line 43.
Package babel Info: Redefining spanish shorthand >>
(babel)             in language append on input line 43.
Package babel Info: Redefining spanish shorthand "=
(babel)             in language append on input line 43.
Package babel Info: Redefining spanish shorthand "~
(babel)             in language append on input line 43.
Package babel Info: Redefining spanish shorthand "!
(babel)             in language append on input line 43.
Package babel Info: Redefining spanish shorthand "?
(babel)             in language append on input line 43.
LaTeX Font Info:    Font shape `T1/pplx/bx/n' in size <24.88> not available
(Font)              Font shape `T1/pplx/b/n' tried instead on input line 43.

Underfull \hbox (badness 10000) in paragraph at lines 44--50

 []

LaTeX Font Info:    Font shape `T1/pplx/m/sl' in size <12> not available
(Font)              Font shape `T1/pplx/m/it' tried instead on input line 51.
LaTeX Font Info:    Try loading font information for OT1+pplx on input line 51.

(/usr/share/texlive/texmf-dist/tex/latex/psnfss/ot1pplx.fd
File: ot1pplx.fd 2004/09/06 font definitions for OT1/pplx.
)
LaTeX Font Info:    Try loading font information for OML+zplm on input line 51.


(/usr/share/texlive/texmf-dist/tex/latex/psnfss/omlzplm.fd
File: omlzplm.fd 2002/09/08 Fontinst v1.914 font definitions for OML/zplm.
)
LaTeX Font Info:    Try loading font information for OMS+zplm on input line 51.


(/usr/share/texlive/texmf-dist/tex/latex/psnfss/omszplm.fd
File: omszplm.fd 2002/09/08 Fontinst v1.914 font definitions for OMS/zplm.
)
LaTeX Font Info:    Try loading font information for OMX+zplm on input line 51.


(/usr/share/texlive/texmf-dist/tex/latex/psnfss/omxzplm.fd
File: omxzplm.fd 2002/09/08 Fontinst v1.914 font definitions for OMX/zplm.
)
LaTeX Font Info:    Try loading font information for OT1+zplm on input line 51.


(/usr/share/texlive/texmf-dist/tex/latex/psnfss/ot1zplm.fd
File: ot1zplm.fd 2002/09/08 Fontinst v1.914 font definitions for OT1/zplm.
)
LaTeX Font Info:    Font shape `U/msa/m/n' will be
(Font)              scaled to size 12.50409pt on input line 51.
LaTeX Font Info:    Font shape `U/msa/m/n' will be
(Font)              scaled to size 9.37807pt on input line 51.
LaTeX Font Info:    Font shape `U/msa/m/n' will be
(Font)              scaled to size 7.29405pt on input line 51.
LaTeX Font Info:    Font shape `U/msb/m/n' will be
(Font)              scaled to size 12.50409pt on input line 51.
LaTeX Font Info:    Font shape `U/msb/m/n' will be
(Font)              scaled to size 9.37807pt on input line 51.
LaTeX Font Info:    Font shape `U/msb/m/n' will be
(Font)              scaled to size 7.29405pt on input line 51.
Package babel Info: Redefining spanish shorthand <<
(babel)             in language append on input line 51.
Package babel Info: Redefining spanish shorthand >>
(babel)             in language append on input line 51.
Package babel Info: Redefining spanish shorthand "=
(babel)             in language append on input line 51.
Package babel Info: Redefining spanish shorthand "~
(babel)             in language append on input line 51.
Package babel Info: Redefining spanish shorthand "!
(babel)             in language append on input line 51.
Package babel Info: Redefining spanish shorthand "?
(babel)             in language append on input line 51.
Package babel Info: Redefining spanish shorthand <<
(babel)             in language append on input line 51.
Package babel Info: Redefining spanish shorthand >>
(babel)             in language append on input line 51.
Package babel Info: Redefining spanish shorthand "=
(babel)             in language append on input line 51.
Package babel Info: Redefining spanish shorthand "~
(babel)             in language append on input line 51.
Package babel Info: Redefining spanish shorthand "!
(babel)             in language append on input line 51.
Package babel Info: Redefining spanish shorthand "?
(babel)             in language append on input line 51.
 [1


{/var/lib/texmf/fonts/map/pdftex/updmap/pdftex.map}]
Package babel Info: Redefining spanish shorthand <<
(babel)             in language append on input line 51.
Package babel Info: Redefining spanish shorthand >>
(babel)             in language append on input line 51.
Package babel Info: Redefining spanish shorthand "=
(babel)             in language append on input line 51.
Package babel Info: Redefining spanish shorthand "~
(babel)             in language append on input line 51.
Package babel Info: Redefining spanish shorthand "!
(babel)             in language append on input line 51.
Package babel Info: Redefining spanish shorthand "?
(babel)             in language append on input line 51.
Package babel Info: Redefining spanish shorthand <<
(babel)             in language append on input line 51.
Package babel Info: Redefining spanish shorthand >>
(babel)             in language append on input line 51.
Package babel Info: Redefining spanish shorthand "=
(babel)             in language append on input line 51.
Package babel Info: Redefining spanish shorthand "~
(babel)             in language append on input line 51.
Package babel Info: Redefining spanish shorthand "!
(babel)             in language append on input line 51.
Package babel Info: Redefining spanish shorthand "?
(babel)             in language append on input line 51.
 [2

] (./Capitulo 5.toc
LaTeX Info: Redefining \. on input line 1.
LaTeX Info: Redefining \% on input line 1.
LaTeX Font Info:    Font shape `T1/pplx/bx/n' in size <12> not available
(Font)              Font shape `T1/pplx/b/n' tried instead on input line 2.
)
\tf@toc=\write4
\openout4 = `"Capitulo 5.toc"'.

LaTeX Font Info:    Font shape `T1/pplx/bx/n' in size <17.28> not available
(Font)              Font shape `T1/pplx/b/n' tried instead on input line 53.
Package babel Info: Redefining spanish shorthand <<
(babel)             in language append on input line 53.
Package babel Info: Redefining spanish shorthand >>
(babel)             in language append on input line 53.
Package babel Info: Redefining spanish shorthand "=
(babel)             in language append on input line 53.
Package babel Info: Redefining spanish shorthand "~
(babel)             in language append on input line 53.
Package babel Info: Redefining spanish shorthand "!
(babel)             in language append on input line 53.
Package babel Info: Redefining spanish shorthand "?
(babel)             in language append on input line 53.
LaTeX Font Info:    Font shape `T1/pplx/bx/n' in size <14.4> not available
(Font)              Font shape `T1/pplx/b/n' tried instead on input line 55.
Package babel Info: Redefining spanish shorthand <<
(babel)             in language append on input line 55.
Package babel Info: Redefining spanish shorthand >>
(babel)             in language append on input line 55.
Package babel Info: Redefining spanish shorthand "=
(babel)             in language append on input line 55.
Package babel Info: Redefining spanish shorthand "~
(babel)             in language append on input line 55.
Package babel Info: Redefining spanish shorthand "!
(babel)             in language append on input line 55.
Package babel Info: Redefining spanish shorthand "?
(babel)             in language append on input line 55.

Underfull \hbox (badness 10000) in paragraph at lines 56--61

 []


Underfull \hbox (badness 10000) in paragraph at lines 56--61

 []

Package babel Info: Redefining spanish shorthand <<
(babel)             in language append on input line 62.
Package babel Info: Redefining spanish shorthand >>
(babel)             in language append on input line 62.
Package babel Info: Redefining spanish shorthand "=
(babel)             in language append on input line 62.
Package babel Info: Redefining spanish shorthand "~
(babel)             in language append on input line 62.
Package babel Info: Redefining spanish shorthand "!
(babel)             in language append on input line 62.
Package babel Info: Redefining spanish shorthand "?
(babel)             in language append on input line 62.
Package babel Info: Redefining spanish shorthand <<
(babel)             in language append on input line 62.
Package babel Info: Redefining spanish shorthand >>
(babel)             in language append on input line 62.
Package babel Info: Redefining spanish shorthand "=
(babel)             in language append on input line 62.
Package babel Info: Redefining spanish shorthand "~
(babel)             in language append on input line 62.
Package babel Info: Redefining spanish shorthand "!
(babel)             in language append on input line 62.
Package babel Info: Redefining spanish shorthand "?
(babel)             in language append on input line 62.
[3]
<images/01_GraficoInicial_Colecciones.pdf, id=110, 362.35374pt x 253.94875pt>
File: images/01_GraficoInicial_Colecciones.pdf Graphic file (type pdf)

<use images/01_GraficoInicial_Colecciones.pdf>
Package pdftex.def Info: images/01_GraficoInicial_Colecciones.pdf used on input
 line 75.
(pdftex.def)             Requested size: 334.60422pt x 234.50366pt.

Underfull \hbox (badness 10000) in paragraph at lines 68--79

 []


Underfull \hbox (badness 10000) in paragraph at lines 68--79

 []

Package babel Info: Redefining spanish shorthand <<
(babel)             in language append on input line 79.
Package babel Info: Redefining spanish shorthand >>
(babel)             in language append on input line 79.
Package babel Info: Redefining spanish shorthand "=
(babel)             in language append on input line 79.
Package babel Info: Redefining spanish shorthand "~
(babel)             in language append on input line 79.
Package babel Info: Redefining spanish shorthand "!
(babel)             in language append on input line 79.
Package babel Info: Redefining spanish shorthand "?
(babel)             in language append on input line 79.
<images/02_Diagrama_Objetos_Equipo.pdf, id=111, 506.89375pt x 217.81375pt>
File: images/02_Diagrama_Objetos_Equipo.pdf Graphic file (type pdf)

<use images/02_Diagrama_Objetos_Equipo.pdf>
Package pdftex.def Info: images/02_Diagrama_Objetos_Equipo.pdf used on input li
ne 86.
(pdftex.def)             Requested size: 460.08159pt x 197.7023pt.

Overfull \hbox (41.82791pt too wide) in paragraph at lines 86--87
 [][] 
 []

Package babel Info: Redefining spanish shorthand <<
(babel)             in language append on input line 89.
Package babel Info: Redefining spanish shorthand >>
(babel)             in language append on input line 89.
Package babel Info: Redefining spanish shorthand "=
(babel)             in language append on input line 89.
Package babel Info: Redefining spanish shorthand "~
(babel)             in language append on input line 89.
Package babel Info: Redefining spanish shorthand "!
(babel)             in language append on input line 89.
Package babel Info: Redefining spanish shorthand "?
(babel)             in language append on input line 89.
Package babel Info: Redefining spanish shorthand <<
(babel)             in language append on input line 89.
Package babel Info: Redefining spanish shorthand >>
(babel)             in language append on input line 89.
Package babel Info: Redefining spanish shorthand "=
(babel)             in language append on input line 89.
Package babel Info: Redefining spanish shorthand "~
(babel)             in language append on input line 89.
Package babel Info: Redefining spanish shorthand "!
(babel)             in language append on input line 89.
Package babel Info: Redefining spanish shorthand "?
(babel)             in language append on input line 89.
[4 <./images/01_GraficoInicial_Colecciones.pdf>]
<images/03_Diagrama_Clases_Equipo.pdf, id=141, 452.69125pt x 97.36375pt>
File: images/03_Diagrama_Clases_Equipo.pdf Graphic file (type pdf)

<use images/03_Diagrama_Clases_Equipo.pdf>
Package pdftex.def Info: images/03_Diagrama_Clases_Equipo.pdf used on input lin
e 93.
(pdftex.def)             Requested size: 376.42575pt x 80.96043pt.

Underfull \hbox (badness 10000) in paragraph at lines 97--106

 []

Package babel Info: Redefining spanish shorthand <<
(babel)             in language append on input line 107.
Package babel Info: Redefining spanish shorthand >>
(babel)             in language append on input line 107.
Package babel Info: Redefining spanish shorthand "=
(babel)             in language append on input line 107.
Package babel Info: Redefining spanish shorthand "~
(babel)             in language append on input line 107.
Package babel Info: Redefining spanish shorthand "!
(babel)             in language append on input line 107.
Package babel Info: Redefining spanish shorthand "?
(babel)             in language append on input line 107.
Package babel Info: Redefining spanish shorthand <<
(babel)             in language append on input line 107.
Package babel Info: Redefining spanish shorthand >>
(babel)             in language append on input line 107.
Package babel Info: Redefining spanish shorthand "=
(babel)             in language append on input line 107.
Package babel Info: Redefining spanish shorthand "~
(babel)             in language append on input line 107.
Package babel Info: Redefining spanish shorthand "!
(babel)             in language append on input line 107.
Package babel Info: Redefining spanish shorthand "?
(babel)             in language append on input line 107.
[5 <./images/02_Diagrama_Objetos_Equipo.pdf> <./images/03_Diagrama_Clases_Equip
o.pdf>]
Package babel Info: Redefining spanish shorthand <<
(babel)             in language append on input line 112.
Package babel Info: Redefining spanish shorthand >>
(babel)             in language append on input line 112.
Package babel Info: Redefining spanish shorthand "=
(babel)             in language append on input line 112.
Package babel Info: Redefining spanish shorthand "~
(babel)             in language append on input line 112.
Package babel Info: Redefining spanish shorthand "!
(babel)             in language append on input line 112.
Package babel Info: Redefining spanish shorthand "?
(babel)             in language append on input line 112.

Underfull \hbox (badness 10000) in paragraph at lines 113--116

 []


Underfull \hbox (badness 10000) in paragraph at lines 127--132

 []

Package babel Info: Redefining spanish shorthand <<
(babel)             in language append on input line 132.
Package babel Info: Redefining spanish shorthand >>
(babel)             in language append on input line 132.
Package babel Info: Redefining spanish shorthand "=
(babel)             in language append on input line 132.
Package babel Info: Redefining spanish shorthand "~
(babel)             in language append on input line 132.
Package babel Info: Redefining spanish shorthand "!
(babel)             in language append on input line 132.
Package babel Info: Redefining spanish shorthand "?
(babel)             in language append on input line 132.

Underfull \hbox (badness 10000) in paragraph at lines 133--149

 []


Underfull \hbox (badness 10000) in paragraph at lines 133--149

 []

Package babel Info: Redefining spanish shorthand <<
(babel)             in language append on input line 149.
Package babel Info: Redefining spanish shorthand >>
(babel)             in language append on input line 149.
Package babel Info: Redefining spanish shorthand "=
(babel)             in language append on input line 149.
Package babel Info: Redefining spanish shorthand "~
(babel)             in language append on input line 149.
Package babel Info: Redefining spanish shorthand "!
(babel)             in language append on input line 149.
Package babel Info: Redefining spanish shorthand "?
(babel)             in language append on input line 149.
Package babel Info: Redefining spanish shorthand <<
(babel)             in language append on input line 149.
Package babel Info: Redefining spanish shorthand >>
(babel)             in language append on input line 149.
Package babel Info: Redefining spanish shorthand "=
(babel)             in language append on input line 149.
Package babel Info: Redefining spanish shorthand "~
(babel)             in language append on input line 149.
Package babel Info: Redefining spanish shorthand "!
(babel)             in language append on input line 149.
Package babel Info: Redefining spanish shorthand "?
(babel)             in language append on input line 149.
[6]
Package babel Info: Redefining spanish shorthand <<
(babel)             in language append on input line 154.
Package babel Info: Redefining spanish shorthand >>
(babel)             in language append on input line 154.
Package babel Info: Redefining spanish shorthand "=
(babel)             in language append on input line 154.
Package babel Info: Redefining spanish shorthand "~
(babel)             in language append on input line 154.
Package babel Info: Redefining spanish shorthand "!
(babel)             in language append on input line 154.
Package babel Info: Redefining spanish shorthand "?
(babel)             in language append on input line 154.
LaTeX Font Info:    Try loading font information for T1+pcr on input line 158.
 (/usr/share/texlive/texmf-dist/tex/latex/psnfss/t1pcr.fd
File: t1pcr.fd 2001/06/04 font definitions for T1/pcr.
)
Package babel Info: Redefining spanish shorthand <<
(babel)             in language append on input line 175.
Package babel Info: Redefining spanish shorthand >>
(babel)             in language append on input line 175.
Package babel Info: Redefining spanish shorthand "=
(babel)             in language append on input line 175.
Package babel Info: Redefining spanish shorthand "~
(babel)             in language append on input line 175.
Package babel Info: Redefining spanish shorthand "!
(babel)             in language append on input line 175.
Package babel Info: Redefining spanish shorthand "?
(babel)             in language append on input line 175.
Package babel Info: Redefining spanish shorthand <<
(babel)             in language append on input line 178.
Package babel Info: Redefining spanish shorthand >>
(babel)             in language append on input line 178.
Package babel Info: Redefining spanish shorthand "=
(babel)             in language append on input line 178.
Package babel Info: Redefining spanish shorthand "~
(babel)             in language append on input line 178.
Package babel Info: Redefining spanish shorthand "!
(babel)             in language append on input line 178.
Package babel Info: Redefining spanish shorthand "?
(babel)             in language append on input line 178.
Package babel Info: Redefining spanish shorthand <<
(babel)             in language append on input line 178.
Package babel Info: Redefining spanish shorthand >>
(babel)             in language append on input line 178.
Package babel Info: Redefining spanish shorthand "=
(babel)             in language append on input line 178.
Package babel Info: Redefining spanish shorthand "~
(babel)             in language append on input line 178.
Package babel Info: Redefining spanish shorthand "!
(babel)             in language append on input line 178.
Package babel Info: Redefining spanish shorthand "?
(babel)             in language append on input line 178.
 [7]
<images/16_crear_nueva_clase.png, id=203, 474.77374pt x 183.68625pt>
File: images/16_crear_nueva_clase.png Graphic file (type png)

<use images/16_crear_nueva_clase.png>
Package pdftex.def Info: images/16_crear_nueva_clase.png used on input line 188
.
(pdftex.def)             Requested size: 334.60422pt x 129.45956pt.

<images/11_error_agregarMision.png, id=204, 654.445pt x 302.12875pt>
File: images/11_error_agregarMision.png Graphic file (type png)

<use images/11_error_agregarMision.png>
Package pdftex.def Info: images/11_error_agregarMision.png used on input line 2
07.
(pdftex.def)             Requested size: 292.77629pt x 135.15912pt.


LaTeX Warning: `!h' float specifier changed to `!ht'.

Package babel Info: Redefining spanish shorthand <<
(babel)             in language append on input line 210.
Package babel Info: Redefining spanish shorthand >>
(babel)             in language append on input line 210.
Package babel Info: Redefining spanish shorthand "=
(babel)             in language append on input line 210.
Package babel Info: Redefining spanish shorthand "~
(babel)             in language append on input line 210.
Package babel Info: Redefining spanish shorthand "!
(babel)             in language append on input line 210.
Package babel Info: Redefining spanish shorthand "?
(babel)             in language append on input line 210.
Package babel Info: Redefining spanish shorthand <<
(babel)             in language append on input line 210.
Package babel Info: Redefining spanish shorthand >>
(babel)             in language append on input line 210.
Package babel Info: Redefining spanish shorthand "=
(babel)             in language append on input line 210.
Package babel Info: Redefining spanish shorthand "~
(babel)             in language append on input line 210.
Package babel Info: Redefining spanish shorthand "!
(babel)             in language append on input line 210.
Package babel Info: Redefining spanish shorthand "?
(babel)             in language append on input line 210.
[8 <./images/16_crear_nueva_clase.png>]
<images/12_error_debugging_2.png, id=219, 649.42625pt x 291.0875pt>
File: images/12_error_debugging_2.png Graphic file (type png)

<use images/12_error_debugging_2.png>
Package pdftex.def Info: images/12_error_debugging_2.png used on input line 216
.
(pdftex.def)             Requested size: 418.25368pt x 187.47238pt.

<images/13_generate_initialize.png, id=220, 931.48pt x 703.62875pt>
File: images/13_generate_initialize.png Graphic file (type png)

<use images/13_generate_initialize.png>
Package pdftex.def Info: images/13_generate_initialize.png used on input line 2
26.
(pdftex.def)             Requested size: 376.42575pt x 284.34537pt.


LaTeX Warning: `!h' float specifier changed to `!ht'.

Package babel Info: Redefining spanish shorthand <<
(babel)             in language append on input line 229.
Package babel Info: Redefining spanish shorthand >>
(babel)             in language append on input line 229.
Package babel Info: Redefining spanish shorthand "=
(babel)             in language append on input line 229.
Package babel Info: Redefining spanish shorthand "~
(babel)             in language append on input line 229.
Package babel Info: Redefining spanish shorthand "!
(babel)             in language append on input line 229.
Package babel Info: Redefining spanish shorthand "?
(babel)             in language append on input line 229.
Package babel Info: Redefining spanish shorthand <<
(babel)             in language append on input line 229.
Package babel Info: Redefining spanish shorthand >>
(babel)             in language append on input line 229.
Package babel Info: Redefining spanish shorthand "=
(babel)             in language append on input line 229.
Package babel Info: Redefining spanish shorthand "~
(babel)             in language append on input line 229.
Package babel Info: Redefining spanish shorthand "!
(babel)             in language append on input line 229.
Package babel Info: Redefining spanish shorthand "?
(babel)             in language append on input line 229.
[9 <./images/11_error_agregarMision.png> <./images/12_error_debugging_2.png>]
Underfull \hbox (badness 10000) in paragraph at lines 231--238

 []

<images/14_coleccion_inicial.png, id=228, 597.23125pt x 359.3425pt>
File: images/14_coleccion_inicial.png Graphic file (type png)

<use images/14_coleccion_inicial.png>
Package pdftex.def Info: images/14_coleccion_inicial.png used on input line 259
.
(pdftex.def)             Requested size: 376.42575pt x 226.49115pt.


LaTeX Warning: `!h' float specifier changed to `!ht'.

Package babel Info: Redefining spanish shorthand <<
(babel)             in language append on input line 262.
Package babel Info: Redefining spanish shorthand >>
(babel)             in language append on input line 262.
Package babel Info: Redefining spanish shorthand "=
(babel)             in language append on input line 262.
Package babel Info: Redefining spanish shorthand "~
(babel)             in language append on input line 262.
Package babel Info: Redefining spanish shorthand "!
(babel)             in language append on input line 262.
Package babel Info: Redefining spanish shorthand "?
(babel)             in language append on input line 262.
Package babel Info: Redefining spanish shorthand <<
(babel)             in language append on input line 262.
Package babel Info: Redefining spanish shorthand >>
(babel)             in language append on input line 262.
Package babel Info: Redefining spanish shorthand "=
(babel)             in language append on input line 262.
Package babel Info: Redefining spanish shorthand "~
(babel)             in language append on input line 262.
Package babel Info: Redefining spanish shorthand "!
(babel)             in language append on input line 262.
Package babel Info: Redefining spanish shorthand "?
(babel)             in language append on input line 262.
[10 <./images/13_generate_initialize.png>]
Package babel Info: Redefining spanish shorthand <<
(babel)             in language append on input line 265.
Package babel Info: Redefining spanish shorthand >>
(babel)             in language append on input line 265.
Package babel Info: Redefining spanish shorthand "=
(babel)             in language append on input line 265.
Package babel Info: Redefining spanish shorthand "~
(babel)             in language append on input line 265.
Package babel Info: Redefining spanish shorthand "!
(babel)             in language append on input line 265.
Package babel Info: Redefining spanish shorthand "?
(babel)             in language append on input line 265.

Overfull \hbox (8.004pt too wide) in paragraph at lines 268--275
$[]$\T1/pplx/m/n/12 Y
 []

<images/15_diego_cantidadMisiones.png, id=243, 294.09875pt x 41.15375pt>
File: images/15_diego_cantidadMisiones.png Graphic file (type png)

<use images/15_diego_cantidadMisiones.png>
Package pdftex.def Info: images/15_diego_cantidadMisiones.png used on input lin
e 278.
(pdftex.def)             Requested size: 250.95476pt x 35.11647pt.
Package babel Info: Redefining spanish shorthand <<
(babel)             in language append on input line 283.
Package babel Info: Redefining spanish shorthand >>
(babel)             in language append on input line 283.
Package babel Info: Redefining spanish shorthand "=
(babel)             in language append on input line 283.
Package babel Info: Redefining spanish shorthand "~
(babel)             in language append on input line 283.
Package babel Info: Redefining spanish shorthand "!
(babel)             in language append on input line 283.
Package babel Info: Redefining spanish shorthand "?
(babel)             in language append on input line 283.
Package babel Info: Redefining spanish shorthand <<
(babel)             in language append on input line 294.
Package babel Info: Redefining spanish shorthand >>
(babel)             in language append on input line 294.
Package babel Info: Redefining spanish shorthand "=
(babel)             in language append on input line 294.
Package babel Info: Redefining spanish shorthand "~
(babel)             in language append on input line 294.
Package babel Info: Redefining spanish shorthand "!
(babel)             in language append on input line 294.
Package babel Info: Redefining spanish shorthand "?
(babel)             in language append on input line 294.
Package babel Info: Redefining spanish shorthand <<
(babel)             in language append on input line 294.
Package babel Info: Redefining spanish shorthand >>
(babel)             in language append on input line 294.
Package babel Info: Redefining spanish shorthand "=
(babel)             in language append on input line 294.
Package babel Info: Redefining spanish shorthand "~
(babel)             in language append on input line 294.
Package babel Info: Redefining spanish shorthand "!
(babel)             in language append on input line 294.
Package babel Info: Redefining spanish shorthand "?
(babel)             in language append on input line 294.
 [11 <./images/14_coleccion_inicial.png> <./images/15_diego_cantidadMisiones.pn
g>]
Underfull \hbox (badness 10000) in paragraph at lines 300--309

 []


Overfull \hbox (81.46098pt too wide) in paragraph at lines 300--309
\T1/pplx/m/n/12 Lo pro-ba-mos... $[]$ 
 []

Package babel Info: Redefining spanish shorthand <<
(babel)             in language append on input line 310.
Package babel Info: Redefining spanish shorthand >>
(babel)             in language append on input line 310.
Package babel Info: Redefining spanish shorthand "=
(babel)             in language append on input line 310.
Package babel Info: Redefining spanish shorthand "~
(babel)             in language append on input line 310.
Package babel Info: Redefining spanish shorthand "!
(babel)             in language append on input line 310.
Package babel Info: Redefining spanish shorthand "?
(babel)             in language append on input line 310.
<images/10_accessors.png, id=254, 995.72pt x 703.62875pt>
File: images/10_accessors.png Graphic file (type png)

<use images/10_accessors.png>
Package pdftex.def Info: images/10_accessors.png used on input line 316.
(pdftex.def)             Requested size: 376.42575pt x 266.00743pt.


LaTeX Warning: `!h' float specifier changed to `!ht'.


Underfull \hbox (badness 10000) in paragraph at lines 336--340

 []

Package babel Info: Redefining spanish shorthand <<
(babel)             in language append on input line 351.
Package babel Info: Redefining spanish shorthand >>
(babel)             in language append on input line 351.
Package babel Info: Redefining spanish shorthand "=
(babel)             in language append on input line 351.
Package babel Info: Redefining spanish shorthand "~
(babel)             in language append on input line 351.
Package babel Info: Redefining spanish shorthand "!
(babel)             in language append on input line 351.
Package babel Info: Redefining spanish shorthand "?
(babel)             in language append on input line 351.
Package babel Info: Redefining spanish shorthand <<
(babel)             in language append on input line 351.
Package babel Info: Redefining spanish shorthand >>
(babel)             in language append on input line 351.
Package babel Info: Redefining spanish shorthand "=
(babel)             in language append on input line 351.
Package babel Info: Redefining spanish shorthand "~
(babel)             in language append on input line 351.
Package babel Info: Redefining spanish shorthand "!
(babel)             in language append on input line 351.
Package babel Info: Redefining spanish shorthand "?
(babel)             in language append on input line 351.
[12]
Overfull \hbox (144.59999pt too wide) in paragraph at lines 358--364
\T1/pplx/m/n/12 to en ca-da im-ple-men-ta-cin $[]$ 
 []


Underfull \vbox (badness 10000) has occurred while \output is active []

Package babel Info: Redefining spanish shorthand <<
(babel)             in language append on input line 376.
Package babel Info: Redefining spanish shorthand >>
(babel)             in language append on input line 376.
Package babel Info: Redefining spanish shorthand "=
(babel)             in language append on input line 376.
Package babel Info: Redefining spanish shorthand "~
(babel)             in language append on input line 376.
Package babel Info: Redefining spanish shorthand "!
(babel)             in language append on input line 376.
Package babel Info: Redefining spanish shorthand "?
(babel)             in language append on input line 376.
Package babel Info: Redefining spanish shorthand <<
(babel)             in language append on input line 376.
Package babel Info: Redefining spanish shorthand >>
(babel)             in language append on input line 376.
Package babel Info: Redefining spanish shorthand "=
(babel)             in language append on input line 376.
Package babel Info: Redefining spanish shorthand "~
(babel)             in language append on input line 376.
Package babel Info: Redefining spanish shorthand "!
(babel)             in language append on input line 376.
Package babel Info: Redefining spanish shorthand "?
(babel)             in language append on input line 376.
 [13 <./images/10_accessors.png>]
Package babel Info: Redefining spanish shorthand <<
(babel)             in language append on input line 395.
Package babel Info: Redefining spanish shorthand >>
(babel)             in language append on input line 395.
Package babel Info: Redefining spanish shorthand "=
(babel)             in language append on input line 395.
Package babel Info: Redefining spanish shorthand "~
(babel)             in language append on input line 395.
Package babel Info: Redefining spanish shorthand "!
(babel)             in language append on input line 395.
Package babel Info: Redefining spanish shorthand "?
(babel)             in language append on input line 395.

Underfull \vbox (badness 10000) has occurred while \output is active []

Package babel Info: Redefining spanish shorthand <<
(babel)             in language append on input line 427.
Package babel Info: Redefining spanish shorthand >>
(babel)             in language append on input line 427.
Package babel Info: Redefining spanish shorthand "=
(babel)             in language append on input line 427.
Package babel Info: Redefining spanish shorthand "~
(babel)             in language append on input line 427.
Package babel Info: Redefining spanish shorthand "!
(babel)             in language append on input line 427.
Package babel Info: Redefining spanish shorthand "?
(babel)             in language append on input line 427.
Package babel Info: Redefining spanish shorthand <<
(babel)             in language append on input line 427.
Package babel Info: Redefining spanish shorthand >>
(babel)             in language append on input line 427.
Package babel Info: Redefining spanish shorthand "=
(babel)             in language append on input line 427.
Package babel Info: Redefining spanish shorthand "~
(babel)             in language append on input line 427.
Package babel Info: Redefining spanish shorthand "!
(babel)             in language append on input line 427.
Package babel Info: Redefining spanish shorthand "?
(babel)             in language append on input line 427.
 [14]
Package babel Info: Redefining spanish shorthand <<
(babel)             in language append on input line 427.
Package babel Info: Redefining spanish shorthand >>
(babel)             in language append on input line 427.
Package babel Info: Redefining spanish shorthand "=
(babel)             in language append on input line 427.
Package babel Info: Redefining spanish shorthand "~
(babel)             in language append on input line 427.
Package babel Info: Redefining spanish shorthand "!
(babel)             in language append on input line 427.
Package babel Info: Redefining spanish shorthand "?
(babel)             in language append on input line 427.
Package babel Info: Redefining spanish shorthand <<
(babel)             in language append on input line 452.
Package babel Info: Redefining spanish shorthand >>
(babel)             in language append on input line 452.
Package babel Info: Redefining spanish shorthand "=
(babel)             in language append on input line 452.
Package babel Info: Redefining spanish shorthand "~
(babel)             in language append on input line 452.
Package babel Info: Redefining spanish shorthand "!
(babel)             in language append on input line 452.
Package babel Info: Redefining spanish shorthand "?
(babel)             in language append on input line 452.
Package babel Info: Redefining spanish shorthand <<
(babel)             in language append on input line 452.
Package babel Info: Redefining spanish shorthand >>
(babel)             in language append on input line 452.
Package babel Info: Redefining spanish shorthand "=
(babel)             in language append on input line 452.
Package babel Info: Redefining spanish shorthand "~
(babel)             in language append on input line 452.
Package babel Info: Redefining spanish shorthand "!
(babel)             in language append on input line 452.
Package babel Info: Redefining spanish shorthand "?
(babel)             in language append on input line 452.

[15]
Overfull \hbox (236.77132pt too wide) in paragraph at lines 462--470
[]\T1/pplx/m/n/12 Probamos en-ton-ces las mi-sio-nes abier-tas: $[]$ 
 []


Underfull \hbox (badness 10000) in paragraph at lines 471--475

 []


Overfull \hbox (310.43843pt too wide) in paragraph at lines 492--497
[]\T1/pplx/m/n/12 Y aho-ra vea-mos si efec-ti-va-men-te el m-to-do tu-vo efec-
to: $[]$ 
 []


Underfull \hbox (badness 10000) in paragraph at lines 498--500

 []

Package babel Info: Redefining spanish shorthand <<
(babel)             in language append on input line 501.
Package babel Info: Redefining spanish shorthand >>
(babel)             in language append on input line 501.
Package babel Info: Redefining spanish shorthand "=
(babel)             in language append on input line 501.
Package babel Info: Redefining spanish shorthand "~
(babel)             in language append on input line 501.
Package babel Info: Redefining spanish shorthand "!
(babel)             in language append on input line 501.
Package babel Info: Redefining spanish shorthand "?
(babel)             in language append on input line 501.
Package babel Info: Redefining spanish shorthand <<
(babel)             in language append on input line 506.
Package babel Info: Redefining spanish shorthand >>
(babel)             in language append on input line 506.
Package babel Info: Redefining spanish shorthand "=
(babel)             in language append on input line 506.
Package babel Info: Redefining spanish shorthand "~
(babel)             in language append on input line 506.
Package babel Info: Redefining spanish shorthand "!
(babel)             in language append on input line 506.
Package babel Info: Redefining spanish shorthand "?
(babel)             in language append on input line 506.
Package babel Info: Redefining spanish shorthand <<
(babel)             in language append on input line 506.
Package babel Info: Redefining spanish shorthand >>
(babel)             in language append on input line 506.
Package babel Info: Redefining spanish shorthand "=
(babel)             in language append on input line 506.
Package babel Info: Redefining spanish shorthand "~
(babel)             in language append on input line 506.
Package babel Info: Redefining spanish shorthand "!
(babel)             in language append on input line 506.
Package babel Info: Redefining spanish shorthand "?
(babel)             in language append on input line 506.
[16]
Overfull \hbox (285.09949pt too wide) in paragraph at lines 515--519
[]\T1/pplx/m/n/12 Cmo se mo-de-la un blo-que de c-di-go? Muy f-cil: $[]$ 
 []


Overfull \hbox (263.4273pt too wide) in paragraph at lines 520--526
\T1/pplx/m/n/12 Pa-ra eva-luar-lo efec-ti-va-men-te, de-be-mos pe-dr-se-lo: $[
]$ 
 []


Overfull \hbox (389.41124pt too wide) in paragraph at lines 527--531
[]\T1/pplx/m/n/12 Tambin po-de-mos crear ob-je-tos blo-que don-de le pa-se-mos
 pa-r-me-tros: $[]$ 
 []


Overfull \hbox (268.53523pt too wide) in paragraph at lines 532--536
[]\T1/pplx/m/n/12 Pero aho-ra ya no po-de-mos eva-luar-lo con va-lue: $[]$ 
 []

<images/17_error_bloque.png, id=387, 849.1725pt x 351.3125pt>
File: images/17_error_bloque.png Graphic file (type png)

<use images/17_error_bloque.png>
Package pdftex.def Info: images/17_error_bloque.png used on input line 541.
(pdftex.def)             Requested size: 376.42575pt x 155.7305pt.
Package babel Info: Redefining spanish shorthand <<
(babel)             in language append on input line 554.
Package babel Info: Redefining spanish shorthand >>
(babel)             in language append on input line 554.
Package babel Info: Redefining spanish shorthand "=
(babel)             in language append on input line 554.
Package babel Info: Redefining spanish shorthand "~
(babel)             in language append on input line 554.
Package babel Info: Redefining spanish shorthand "!
(babel)             in language append on input line 554.
Package babel Info: Redefining spanish shorthand "?
(babel)             in language append on input line 554.
Package babel Info: Redefining spanish shorthand <<
(babel)             in language append on input line 554.
Package babel Info: Redefining spanish shorthand >>
(babel)             in language append on input line 554.
Package babel Info: Redefining spanish shorthand "=
(babel)             in language append on input line 554.
Package babel Info: Redefining spanish shorthand "~
(babel)             in language append on input line 554.
Package babel Info: Redefining spanish shorthand "!
(babel)             in language append on input line 554.
Package babel Info: Redefining spanish shorthand "?
(babel)             in language append on input line 554.
 [17 <./images/17_error_bloque.png>]
Package babel Info: Redefining spanish shorthand <<
(babel)             in language append on input line 585.
Package babel Info: Redefining spanish shorthand >>
(babel)             in language append on input line 585.
Package babel Info: Redefining spanish shorthand "=
(babel)             in language append on input line 585.
Package babel Info: Redefining spanish shorthand "~
(babel)             in language append on input line 585.
Package babel Info: Redefining spanish shorthand "!
(babel)             in language append on input line 585.
Package babel Info: Redefining spanish shorthand "?
(babel)             in language append on input line 585.
Package babel Info: Redefining spanish shorthand <<
(babel)             in language append on input line 587.
Package babel Info: Redefining spanish shorthand >>
(babel)             in language append on input line 587.
Package babel Info: Redefining spanish shorthand "=
(babel)             in language append on input line 587.
Package babel Info: Redefining spanish shorthand "~
(babel)             in language append on input line 587.
Package babel Info: Redefining spanish shorthand "!
(babel)             in language append on input line 587.
Package babel Info: Redefining spanish shorthand "?
(babel)             in language append on input line 587.

Underfull \hbox (badness 10000) in paragraph at lines 588--594

 []

Package babel Info: Redefining spanish shorthand <<
(babel)             in language append on input line 606.
Package babel Info: Redefining spanish shorthand >>
(babel)             in language append on input line 606.
Package babel Info: Redefining spanish shorthand "=
(babel)             in language append on input line 606.
Package babel Info: Redefining spanish shorthand "~
(babel)             in language append on input line 606.
Package babel Info: Redefining spanish shorthand "!
(babel)             in language append on input line 606.
Package babel Info: Redefining spanish shorthand "?
(babel)             in language append on input line 606.
Package babel Info: Redefining spanish shorthand <<
(babel)             in language append on input line 606.
Package babel Info: Redefining spanish shorthand >>
(babel)             in language append on input line 606.
Package babel Info: Redefining spanish shorthand "=
(babel)             in language append on input line 606.
Package babel Info: Redefining spanish shorthand "~
(babel)             in language append on input line 606.
Package babel Info: Redefining spanish shorthand "!
(babel)             in language append on input line 606.
Package babel Info: Redefining spanish shorthand "?
(babel)             in language append on input line 606.
[18]
Package babel Info: Redefining spanish shorthand <<
(babel)             in language append on input line 613.
Package babel Info: Redefining spanish shorthand >>
(babel)             in language append on input line 613.
Package babel Info: Redefining spanish shorthand "=
(babel)             in language append on input line 613.
Package babel Info: Redefining spanish shorthand "~
(babel)             in language append on input line 613.
Package babel Info: Redefining spanish shorthand "!
(babel)             in language append on input line 613.
Package babel Info: Redefining spanish shorthand "?
(babel)             in language append on input line 613.

Underfull \hbox (badness 10000) in paragraph at lines 614--617

 []

Package babel Info: Redefining spanish shorthand <<
(babel)             in language append on input line 648.
Package babel Info: Redefining spanish shorthand >>
(babel)             in language append on input line 648.
Package babel Info: Redefining spanish shorthand "=
(babel)             in language append on input line 648.
Package babel Info: Redefining spanish shorthand "~
(babel)             in language append on input line 648.
Package babel Info: Redefining spanish shorthand "!
(babel)             in language append on input line 648.
Package babel Info: Redefining spanish shorthand "?
(babel)             in language append on input line 648.
Package babel Info: Redefining spanish shorthand <<
(babel)             in language append on input line 648.
Package babel Info: Redefining spanish shorthand >>
(babel)             in language append on input line 648.
Package babel Info: Redefining spanish shorthand "=
(babel)             in language append on input line 648.
Package babel Info: Redefining spanish shorthand "~
(babel)             in language append on input line 648.
Package babel Info: Redefining spanish shorthand "!
(babel)             in language append on input line 648.
Package babel Info: Redefining spanish shorthand "?
(babel)             in language append on input line 648.
[19]
Underfull \hbox (badness 10000) in paragraph at lines 650--654

 []

Package babel Info: Redefining spanish shorthand <<
(babel)             in language append on input line 674.
Package babel Info: Redefining spanish shorthand >>
(babel)             in language append on input line 674.
Package babel Info: Redefining spanish shorthand "=
(babel)             in language append on input line 674.
Package babel Info: Redefining spanish shorthand "~
(babel)             in language append on input line 674.
Package babel Info: Redefining spanish shorthand "!
(babel)             in language append on input line 674.
Package babel Info: Redefining spanish shorthand "?
(babel)             in language append on input line 674.

AED: lastpage setting LastPage
Package babel Info: Redefining spanish shorthand <<
(babel)             in language append on input line 713.
Package babel Info: Redefining spanish shorthand >>
(babel)             in language append on input line 713.
Package babel Info: Redefining spanish shorthand "=
(babel)             in language append on input line 713.
Package babel Info: Redefining spanish shorthand "~
(babel)             in language append on input line 713.
Package babel Info: Redefining spanish shorthand "!
(babel)             in language append on input line 713.
Package babel Info: Redefining spanish shorthand "?
(babel)             in language append on input line 713.
Package babel Info: Redefining spanish shorthand <<
(babel)             in language append on input line 713.
Package babel Info: Redefining spanish shorthand >>
(babel)             in language append on input line 713.
Package babel Info: Redefining spanish shorthand "=
(babel)             in language append on input line 713.
Package babel Info: Redefining spanish shorthand "~
(babel)             in language append on input line 713.
Package babel Info: Redefining spanish shorthand "!
(babel)             in language append on input line 713.
Package babel Info: Redefining spanish shorthand "?
(babel)             in language append on input line 713.
[20]
Package babel Info: Redefining spanish shorthand <<
(babel)             in language append on input line 713.
Package babel Info: Redefining spanish shorthand >>
(babel)             in language append on input line 713.
Package babel Info: Redefining spanish shorthand "=
(babel)             in language append on input line 713.
Package babel Info: Redefining spanish shorthand "~
(babel)             in language append on input line 713.
Package babel Info: Redefining spanish shorthand "!
(babel)             in language append on input line 713.
Package babel Info: Redefining spanish shorthand "?
(babel)             in language append on input line 713.
Package babel Info: Redefining spanish shorthand <<
(babel)             in language append on input line 713.
Package babel Info: Redefining spanish shorthand >>
(babel)             in language append on input line 713.
Package babel Info: Redefining spanish shorthand "=
(babel)             in language append on input line 713.
Package babel Info: Redefining spanish shorthand "~
(babel)             in language append on input line 713.
Package babel Info: Redefining spanish shorthand "!
(babel)             in language append on input line 713.
Package babel Info: Redefining spanish shorthand "?
(babel)             in language append on input line 713.
 [21]
Package babel Info: Redefining spanish shorthand <<
(babel)             in language append on input line 713.
Package babel Info: Redefining spanish shorthand >>
(babel)             in language append on input line 713.
Package babel Info: Redefining spanish shorthand "=
(babel)             in language append on input line 713.
Package babel Info: Redefining spanish shorthand "~
(babel)             in language append on input line 713.
Package babel Info: Redefining spanish shorthand "!
(babel)             in language append on input line 713.
Package babel Info: Redefining spanish shorthand "?
(babel)             in language append on input line 713.
Package atveryend Info: Empty hook `BeforeClearDocument' on input line 713.
Package atveryend Info: Empty hook `AfterLastShipout' on input line 713.
 (./Capitulo 5.aux
LaTeX Info: Redefining \. on input line 23.
LaTeX Info: Redefining \% on input line 23.
)
Package atveryend Info: Executing hook `AtVeryEndDocument' on input line 713.
Package atveryend Info: Executing hook `AtEndAfterFileList' on input line 713.
Package rerunfilecheck Info: File `"Capitulo 5".out' has not changed.
(rerunfilecheck)             Checksum: EA0CB9039768BC944BD0015B42B27E4D;1431.
Package atveryend Info: Empty hook `AtVeryVeryEnd' on input line 713.
 ) 
Here is how much of TeX's memory you used:
 11263 strings out of 493304
 156602 string characters out of 6139871
 334211 words of memory out of 5000000
 14292 multiletter control sequences out of 15000+600000
 31960 words of font info for 61 fonts, out of 8000000 for 9000
 957 hyphenation exceptions out of 8191
 30i,11n,35p,231b,1265s stack positions out of 5000i,500n,10000p,200000b,80000s
{/usr/share/texlive/texmf-dist/fonts/enc/dvips/base/8r.enc}</usr/share/texliv
e/texmf-dist/fonts/type1/urw/courier/ucrr8a.pfb></usr/share/texlive/texmf-dist/
fonts/type1/urw/palatino/uplb8a.pfb></usr/share/texlive/texmf-dist/fonts/type1/
urw/palatino/uplr8a.pfb></usr/share/texlive/texmf-dist/fonts/type1/urw/palatino
/uplri8a.pfb>
Output written on "Capitulo 5.pdf" (21 pages, 571486 bytes).
PDF statistics:
 521 PDF objects out of 1000 (max. 8388607)
 452 compressed objects within 5 object streams
 229 named destinations out of 1000 (max. 500000)
 200 words of extra memory for PDF output out of 10000 (max. 10000000)

